.....FFFFFFFFFFFFFFFFFFFFFFFFFFFFF                                       [100%]
=================================== FAILURES ===================================
_______ TestNightmareScenario.test_nightmare_scenario_gnatyuk_abdullaev ________
async def functions are not natively supported.
You need to install a suitable plugin for your async framework, for example:
  - anyio
  - pytest-asyncio
  - pytest-tornasync
  - pytest-trio
  - pytest-twisted
______________ TestNightmareScenario.test_multilingual_nightmare _______________
async def functions are not natively supported.
You need to install a suitable plugin for your async framework, for example:
  - anyio
  - pytest-asyncio
  - pytest-tornasync
  - pytest-trio
  - pytest-twisted
___________ TestNightmareScenario.test_corrupted_encoding_nightmare ____________
async def functions are not natively supported.
You need to install a suitable plugin for your async framework, for example:
  - anyio
  - pytest-asyncio
  - pytest-tornasync
  - pytest-trio
  - pytest-twisted
_______________ TestNightmareScenario.test_performance_nightmare _______________
async def functions are not natively supported.
You need to install a suitable plugin for your async framework, for example:
  - anyio
  - pytest-asyncio
  - pytest-tornasync
  - pytest-trio
  - pytest-twisted
_______________ TestNightmareScenario.test_edge_cases_nightmare ________________
async def functions are not natively supported.
You need to install a suitable plugin for your async framework, for example:
  - anyio
  - pytest-asyncio
  - pytest-tornasync
  - pytest-trio
  - pytest-twisted
___________ TestNightmareScenario.test_cache_effectiveness_nightmare ___________
async def functions are not natively supported.
You need to install a suitable plugin for your async framework, for example:
  - anyio
  - pytest-asyncio
  - pytest-tornasync
  - pytest-trio
  - pytest-twisted
__________________ TestNightmareScenario.test_batch_nightmare __________________
async def functions are not natively supported.
You need to install a suitable plugin for your async framework, for example:
  - anyio
  - pytest-asyncio
  - pytest-tornasync
  - pytest-trio
  - pytest-twisted
____ TestSanctionsScreeningPipelineE2E.test_high_risk_sanctioned_individual ____
async def functions are not natively supported.
You need to install a suitable plugin for your async framework, for example:
  - anyio
  - pytest-asyncio
  - pytest-tornasync
  - pytest-trio
  - pytest-twisted
__ TestSanctionsScreeningPipelineE2E.test_ukrainian_surname_pattern_detection __
async def functions are not natively supported.
You need to install a suitable plugin for your async framework, for example:
  - anyio
  - pytest-asyncio
  - pytest-tornasync
  - pytest-trio
  - pytest-twisted
_________ TestSanctionsScreeningPipelineE2E.test_low_risk_common_name __________
async def functions are not natively supported.
You need to install a suitable plugin for your async framework, for example:
  - anyio
  - pytest-asyncio
  - pytest-tornasync
  - pytest-trio
  - pytest-twisted
_____ TestSanctionsScreeningPipelineE2E.test_malicious_input_sanitization ______
async def functions are not natively supported.
You need to install a suitable plugin for your async framework, for example:
  - anyio
  - pytest-asyncio
  - pytest-tornasync
  - pytest-trio
  - pytest-twisted
____ TestSanctionsScreeningPipelineE2E.test_homoglyph_obfuscation_detection ____
async def functions are not natively supported.
You need to install a suitable plugin for your async framework, for example:
  - anyio
  - pytest-asyncio
  - pytest-tornasync
  - pytest-trio
  - pytest-twisted
___ TestSanctionsScreeningPipelineE2E.test_zero_width_character_obfuscation ____
async def functions are not natively supported.
You need to install a suitable plugin for your async framework, for example:
  - anyio
  - pytest-asyncio
  - pytest-tornasync
  - pytest-trio
  - pytest-twisted
_______ TestSanctionsScreeningPipelineE2E.test_mixed_cyrillic_latin_text _______
async def functions are not natively supported.
You need to install a suitable plugin for your async framework, for example:
  - anyio
  - pytest-asyncio
  - pytest-tornasync
  - pytest-trio
  - pytest-twisted
_______ TestSanctionsScreeningPipelineE2E.test_payment_context_screening _______
async def functions are not natively supported.
You need to install a suitable plugin for your async framework, for example:
  - anyio
  - pytest-asyncio
  - pytest-tornasync
  - pytest-trio
  - pytest-twisted
____ TestSanctionsScreeningPipelineE2E.test_early_stopping_high_confidence _____
async def functions are not natively supported.
You need to install a suitable plugin for your async framework, for example:
  - anyio
  - pytest-asyncio
  - pytest-tornasync
  - pytest-trio
  - pytest-twisted
____ TestSanctionsScreeningPipelineE2E.test_multi_language_entity_screening ____
async def functions are not natively supported.
You need to install a suitable plugin for your async framework, for example:
  - anyio
  - pytest-asyncio
  - pytest-tornasync
  - pytest-trio
  - pytest-twisted
________ TestSanctionsScreeningPipelineE2E.test_performance_under_load _________
async def functions are not natively supported.
You need to install a suitable plugin for your async framework, for example:
  - anyio
  - pytest-asyncio
  - pytest-tornasync
  - pytest-trio
  - pytest-twisted
_ TestSanctionsScreeningPipelineE2E.test_error_recovery_and_graceful_degradation _
async def functions are not natively supported.
You need to install a suitable plugin for your async framework, for example:
  - anyio
  - pytest-asyncio
  - pytest-tornasync
  - pytest-trio
  - pytest-twisted
_______ TestSanctionsScreeningPipelineE2E.test_audit_trail_completeness ________
async def functions are not natively supported.
You need to install a suitable plugin for your async framework, for example:
  - anyio
  - pytest-asyncio
  - pytest-tornasync
  - pytest-trio
  - pytest-twisted
__ TestSanctionsScreeningPipelineE2E.test_risk_level_classification_accuracy ___
async def functions are not natively supported.
You need to install a suitable plugin for your async framework, for example:
  - anyio
  - pytest-asyncio
  - pytest-tornasync
  - pytest-trio
  - pytest-twisted
_____ TestSanctionsScreeningPipelineE2E.test_vector_similarity_integration _____
async def functions are not natively supported.
You need to install a suitable plugin for your async framework, for example:
  - anyio
  - pytest-asyncio
  - pytest-tornasync
  - pytest-trio
  - pytest-twisted
_____ TestSanctionsScreeningPipelineE2E.test_screening_metrics_collection ______
tests/e2e/test_sanctions_screening_pipeline.py:337: in test_screening_metrics_collection
    assert 'total_screenings' in metrics
           ^^^^^^^^^^^^^^^^^^^^^^^^^^^^^
E   TypeError: argument of type 'coroutine' is not iterable
____ TestSanctionsScreeningPipelineE2E.test_configuration_driven_processing ____
async def functions are not natively supported.
You need to install a suitable plugin for your async framework, for example:
  - anyio
  - pytest-asyncio
  - pytest-tornasync
  - pytest-trio
  - pytest-twisted
__ TestSanctionsScreeningPipelineE2E.test_sanctions_data_format_compatibility __
async def functions are not natively supported.
You need to install a suitable plugin for your async framework, for example:
  - anyio
  - pytest-asyncio
  - pytest-tornasync
  - pytest-trio
  - pytest-twisted
____ TestSanctionsScreeningPipelineE2E.test_language_detection_integration _____
async def functions are not natively supported.
You need to install a suitable plugin for your async framework, for example:
  - anyio
  - pytest-asyncio
  - pytest-tornasync
  - pytest-trio
  - pytest-twisted
_____ TestSanctionsScreeningRobustness.test_extremely_long_input_handling ______
async def functions are not natively supported.
You need to install a suitable plugin for your async framework, for example:
  - anyio
  - pytest-asyncio
  - pytest-tornasync
  - pytest-trio
  - pytest-twisted
___________ TestSanctionsScreeningRobustness.test_unicode_edge_cases ___________
async def functions are not natively supported.
You need to install a suitable plugin for your async framework, for example:
  - anyio
  - pytest-asyncio
  - pytest-tornasync
  - pytest-trio
  - pytest-twisted
______ TestSanctionsScreeningRobustness.test_concurrent_screening_stress _______
async def functions are not natively supported.
You need to install a suitable plugin for your async framework, for example:
  - anyio
  - pytest-asyncio
  - pytest-tornasync
  - pytest-trio
  - pytest-twisted
==================================== PASSES ====================================
=========================== short test summary info ============================
PASSED tmp/test_full_pipeline_risk.py::TestFullPipelineRiskE2E::test_full_pipeline_high_risk_scenario
PASSED tmp/test_full_pipeline_risk.py::TestFullPipelineRiskE2E::test_decision_engine_integration_with_mock_data
PASSED tmp/test_full_pipeline_risk.py::TestFullPipelineRiskE2E::test_api_response_format_with_risk_fields
PASSED tmp/test_full_pipeline_risk.py::TestFullPipelineRiskE2E::test_pipeline_with_different_risk_levels
PASSED tmp/test_full_pipeline_risk.py::TestFullPipelineRiskE2E::test_pipeline_error_handling
FAILED tmp/test_nightmare_scenario.py::TestNightmareScenario::test_nightmare_scenario_gnatyuk_abdullaev
FAILED tmp/test_nightmare_scenario.py::TestNightmareScenario::test_multilingual_nightmare
FAILED tmp/test_nightmare_scenario.py::TestNightmareScenario::test_corrupted_encoding_nightmare
FAILED tmp/test_nightmare_scenario.py::TestNightmareScenario::test_performance_nightmare
FAILED tmp/test_nightmare_scenario.py::TestNightmareScenario::test_edge_cases_nightmare
FAILED tmp/test_nightmare_scenario.py::TestNightmareScenario::test_cache_effectiveness_nightmare
FAILED tmp/test_nightmare_scenario.py::TestNightmareScenario::test_batch_nightmare
FAILED tmp/test_sanctions_screening_pipeline.py::TestSanctionsScreeningPipelineE2E::test_high_risk_sanctioned_individual
FAILED tmp/test_sanctions_screening_pipeline.py::TestSanctionsScreeningPipelineE2E::test_ukrainian_surname_pattern_detection
FAILED tmp/test_sanctions_screening_pipeline.py::TestSanctionsScreeningPipelineE2E::test_low_risk_common_name
FAILED tmp/test_sanctions_screening_pipeline.py::TestSanctionsScreeningPipelineE2E::test_malicious_input_sanitization
FAILED tmp/test_sanctions_screening_pipeline.py::TestSanctionsScreeningPipelineE2E::test_homoglyph_obfuscation_detection
FAILED tmp/test_sanctions_screening_pipeline.py::TestSanctionsScreeningPipelineE2E::test_zero_width_character_obfuscation
FAILED tmp/test_sanctions_screening_pipeline.py::TestSanctionsScreeningPipelineE2E::test_mixed_cyrillic_latin_text
FAILED tmp/test_sanctions_screening_pipeline.py::TestSanctionsScreeningPipelineE2E::test_payment_context_screening
FAILED tmp/test_sanctions_screening_pipeline.py::TestSanctionsScreeningPipelineE2E::test_early_stopping_high_confidence
FAILED tmp/test_sanctions_screening_pipeline.py::TestSanctionsScreeningPipelineE2E::test_multi_language_entity_screening
FAILED tmp/test_sanctions_screening_pipeline.py::TestSanctionsScreeningPipelineE2E::test_performance_under_load
FAILED tmp/test_sanctions_screening_pipeline.py::TestSanctionsScreeningPipelineE2E::test_error_recovery_and_graceful_degradation
FAILED tmp/test_sanctions_screening_pipeline.py::TestSanctionsScreeningPipelineE2E::test_audit_trail_completeness
FAILED tmp/test_sanctions_screening_pipeline.py::TestSanctionsScreeningPipelineE2E::test_risk_level_classification_accuracy
FAILED tmp/test_sanctions_screening_pipeline.py::TestSanctionsScreeningPipelineE2E::test_vector_similarity_integration
FAILED tmp/test_sanctions_screening_pipeline.py::TestSanctionsScreeningPipelineE2E::test_screening_metrics_collection
FAILED tmp/test_sanctions_screening_pipeline.py::TestSanctionsScreeningPipelineE2E::test_configuration_driven_processing
FAILED tmp/test_sanctions_screening_pipeline.py::TestSanctionsScreeningPipelineE2E::test_sanctions_data_format_compatibility
FAILED tmp/test_sanctions_screening_pipeline.py::TestSanctionsScreeningPipelineE2E::test_language_detection_integration
FAILED tmp/test_sanctions_screening_pipeline.py::TestSanctionsScreeningRobustness::test_extremely_long_input_handling
FAILED tmp/test_sanctions_screening_pipeline.py::TestSanctionsScreeningRobustness::test_unicode_edge_cases
FAILED tmp/test_sanctions_screening_pipeline.py::TestSanctionsScreeningRobustness::test_concurrent_screening_stress
29 failed, 5 passed in 0.26s
